<?xml version="1.0" encoding="UTF-8"?>
<!-- Generated by org.testng.reporters.JUnitReportReporter -->
<testsuite skipped="0" hostname="DESKTOP-MR26AR9" name="com.sgtesting.dataprovider.Assignment6" tests="16" failures="0" timestamp="2021-09-17T07:11:29 IST" time="203.741" errors="1">
  <testcase name="launchBrowser" time="12.704" classname="com.sgtesting.dataprovider.Assignment6"/>
  <system-out/>
  <testcase name="navigate" time="6.699" classname="com.sgtesting.dataprovider.Assignment6"/>
  <system-out/>
  <testcase name="login" time="10.197" classname="com.sgtesting.dataprovider.Assignment6"/>
  <system-out/>
  <testcase name="createuser" time="0.013" classname="com.sgtesting.dataprovider.Assignment6">
    <error type="org.testng.internal.reflect.MethodMatcherException" message="
[public void com.sgtesting.dataprovider.Assignment6.createuser()] has no parameters defined but was found to be using a data provider (either explicitly specified or inherited from class level annotation).
Data provider mismatch
Method: createuser([])
Arguments: [(java.lang.String) Issac,(java.lang.String) ANewton,(java.lang.String) demo1jon@gmail.com,(java.lang.String) user1,(java.lang.String) Raghu123,(java.lang.String) Raghu123]">
      <![CDATA[org.testng.internal.reflect.MethodMatcherException: 
[public void com.sgtesting.dataprovider.Assignment6.createuser()] has no parameters defined but was found to be using a data provider (either explicitly specified or inherited from class level annotation).
Data provider mismatch
Method: createuser([])
Arguments: [(java.lang.String) Issac,(java.lang.String) ANewton,(java.lang.String) demo1jon@gmail.com,(java.lang.String) user1,(java.lang.String) Raghu123,(java.lang.String) Raghu123]
at org.testng.internal.reflect.DataProviderMethodMatcher.getConformingArguments(DataProviderMethodMatcher.java:43)
at org.testng.internal.Parameters.injectParameters(Parameters.java:914)
at org.testng.internal.MethodRunner.runInSequence(MethodRunner.java:34)
at org.testng.internal.TestInvoker$MethodInvocationAgent.invoke(TestInvoker.java:824)
at org.testng.internal.TestInvoker.invokeTestMethods(TestInvoker.java:146)
at org.testng.internal.TestMethodWorker.invokeTestMethods(TestMethodWorker.java:146)
at org.testng.internal.TestMethodWorker.run(TestMethodWorker.java:128)
at java.util.ArrayList.forEach(Unknown Source)
at org.testng.TestRunner.privateRun(TestRunner.java:794)
at org.testng.TestRunner.run(TestRunner.java:596)
at org.testng.SuiteRunner.runTest(SuiteRunner.java:377)
at org.testng.SuiteRunner.runSequentially(SuiteRunner.java:371)
at org.testng.SuiteRunner.privateRun(SuiteRunner.java:332)
at org.testng.SuiteRunner.run(SuiteRunner.java:276)
at org.testng.SuiteRunnerWorker.runSuite(SuiteRunnerWorker.java:53)
at org.testng.SuiteRunnerWorker.run(SuiteRunnerWorker.java:96)
at org.testng.TestNG.runSuitesSequentially(TestNG.java:1212)
at org.testng.TestNG.runSuitesLocally(TestNG.java:1134)
at org.testng.TestNG.runSuites(TestNG.java:1063)
at org.testng.TestNG.run(TestNG.java:1031)
at org.testng.remote.AbstractRemoteTestNG.run(AbstractRemoteTestNG.java:115)
at org.testng.remote.RemoteTestNG.initAndRun(RemoteTestNG.java:251)
at org.testng.remote.RemoteTestNG.main(RemoteTestNG.java:77)
]]>
    </error>
  </testcase> <!-- createuser -->
  <system-out/>
  <testcase name="logout" time="3.946" classname="com.sgtesting.dataprovider.Assignment6"/>
  <system-out/>
  <testcase name="loginuser" time="14.457" classname="com.sgtesting.dataprovider.Assignment6"/>
  <system-out/>
  <testcase name="loginuser" time="8.762" classname="com.sgtesting.dataprovider.Assignment6"/>
  <system-out/>
  <testcase name="loginuser" time="12.187" classname="com.sgtesting.dataprovider.Assignment6"/>
  <system-out/>
  <testcase name="modifyuser" time="24.475" classname="com.sgtesting.dataprovider.Assignment6"/>
  <system-out/>
  <testcase name="modifyuser" time="24.497" classname="com.sgtesting.dataprovider.Assignment6"/>
  <system-out/>
  <testcase name="modifyuser" time="24.459" classname="com.sgtesting.dataprovider.Assignment6"/>
  <system-out/>
  <testcase name="modloginuser1" time="12.216" classname="com.sgtesting.dataprovider.Assignment6"/>
  <system-out/>
  <testcase name="modloginuser1" time="12.222" classname="com.sgtesting.dataprovider.Assignment6"/>
  <system-out/>
  <testcase name="modloginuser1" time="12.213" classname="com.sgtesting.dataprovider.Assignment6"/>
  <system-out/>
  <testcase name="deleteuser" time="24.432" classname="com.sgtesting.dataprovider.Assignment6"/>
  <system-out/>
  <testcase name="closeApplication" time="0.262" classname="com.sgtesting.dataprovider.Assignment6"/>
  <system-out/>
</testsuite> <!-- com.sgtesting.dataprovider.Assignment6 -->
